  ConsoleGame.cpp
C:\Users\stupe\source\repos\ConsoleGame\ConsoleGame\ConsoleGame.cpp(21,33): warning C4305:  'initializing': truncation from '__int64' to 'int'
C:\Users\stupe\source\repos\ConsoleGame\ConsoleGame\ConsoleGame.cpp(21,22): warning C4309:  'initializing': truncation of constant value
C:\Users\stupe\source\repos\ConsoleGame\ConsoleGame\ConsoleGame.cpp(128,40): warning C4244:  'return': conversion from 'double' to 'int', possible loss of data
C:\Users\stupe\source\repos\ConsoleGame\ConsoleGame\ConsoleGame.cpp(134,39): warning C4244:  'return': conversion from 'double' to 'int', possible loss of data
C:\Users\stupe\source\repos\ConsoleGame\ConsoleGame\ConsoleGame.cpp(150,40): warning C4244:  'return': conversion from 'double' to 'int', possible loss of data
C:\Users\stupe\source\repos\ConsoleGame\ConsoleGame\ConsoleGame.cpp(188,23): warning C4018:  '<': signed/unsigned mismatch
C:\Users\stupe\source\repos\ConsoleGame\ConsoleGame\ConsoleGame.cpp(248,20): warning C4018:  '<': signed/unsigned mismatch
C:\Users\stupe\source\repos\ConsoleGame\ConsoleGame\ConsoleGame.cpp(276,20): warning C4018:  '<': signed/unsigned mismatch
C:\Users\stupe\source\repos\ConsoleGame\ConsoleGame\ConsoleGame.cpp(280,23): warning C4018:  '<': signed/unsigned mismatch
C:\Users\stupe\source\repos\ConsoleGame\ConsoleGame\ConsoleGame.cpp(349,21): warning C4018:  '<': signed/unsigned mismatch
C:\Users\stupe\source\repos\ConsoleGame\ConsoleGame\ConsoleGame.cpp(376,22): warning C4018:  '<': signed/unsigned mismatch
C:\Users\stupe\source\repos\ConsoleGame\ConsoleGame\ConsoleGame.cpp(385,22): warning C4018:  '<': signed/unsigned mismatch
C:\Users\stupe\source\repos\ConsoleGame\ConsoleGame\ConsoleGame.cpp(429,39): warning C4018:  '>': signed/unsigned mismatch
C:\Users\stupe\source\repos\ConsoleGame\ConsoleGame\ConsoleGame.cpp(430,50): warning C4018:  '>': signed/unsigned mismatch
C:\Users\stupe\source\repos\ConsoleGame\ConsoleGame\ConsoleGame.cpp(501,24): warning C4018:  '<': signed/unsigned mismatch
C:\Users\stupe\source\repos\ConsoleGame\ConsoleGame\ConsoleGame.cpp(523,26): warning C4018:  '>': signed/unsigned mismatch
C:\Users\stupe\source\repos\ConsoleGame\ConsoleGame\ConsoleGame.cpp(773,23): warning C4018:  '<': signed/unsigned mismatch
C:\Users\stupe\source\repos\ConsoleGame\ConsoleGame\ConsoleGame.cpp(804,26): warning C4018:  '<': signed/unsigned mismatch
C:\Users\stupe\source\repos\ConsoleGame\ConsoleGame\ConsoleGame.cpp(1079,23): warning C4018:  '<': signed/unsigned mismatch
C:\Users\stupe\source\repos\ConsoleGame\ConsoleGame\ConsoleGame.cpp(1196,37): warning C4244:  '=': conversion from 'double' to 'long', possible loss of data
C:\Users\stupe\source\repos\ConsoleGame\ConsoleGame\ConsoleGame.cpp(1204,37): warning C4244:  '=': conversion from 'double' to 'long', possible loss of data
  Generating code
  1 of 361 functions ( 0.3%) were compiled, the rest were copied from previous compilation.
    0 functions were new in current compilation
    4 functions had inline decision re-evaluated but remain unchanged
  Finished generating code
  ConsoleGame.vcxproj -> C:\Users\stupe\source\repos\ConsoleGame\Release\ConsoleGame.exe
